<?xml version="1.0" encoding="UTF-8"?>
<testng-results ignored="0" total="1" passed="1" failed="0" skipped="0">
  <reporter-output>
  </reporter-output>
  <suite started-at="2025-02-10T15:12:52 IST" name="TestCases.LoginTest" finished-at="2025-02-10T15:13:00 IST" duration-ms="7894">
    <groups>
    </groups>
    <test started-at="2025-02-10T15:12:52 IST" name="Command line test" finished-at="2025-02-10T15:13:00 IST" duration-ms="7894">
      <class name="TestCases.LoginTest">
        <test-method is-config="true" signature="setUp()[pri:0, instance:TestCases.LoginTest@5aebe890]" started-at="2025-02-10T15:12:52 IST" name="setUp" finished-at="2025-02-10T15:12:58 IST" duration-ms="6241" status="PASS">
          <reporter-output>
          </reporter-output>
        </test-method> <!-- setUp -->
        <test-method signature="testLogin()[pri:0, instance:TestCases.LoginTest@5aebe890]" started-at="2025-02-10T15:12:58 IST" name="testLogin" finished-at="2025-02-10T15:12:59 IST" duration-ms="1145" status="PASS">
          <reporter-output>
          </reporter-output>
        </test-method> <!-- testLogin -->
        <test-method is-config="true" signature="tearDown()[pri:0, instance:TestCases.LoginTest@5aebe890]" started-at="2025-02-10T15:12:59 IST" name="tearDown" finished-at="2025-02-10T15:13:00 IST" duration-ms="470" status="PASS">
          <reporter-output>
          </reporter-output>
        </test-method> <!-- tearDown -->
      </class> <!-- TestCases.LoginTest -->
    </test> <!-- Command line test -->
  </suite> <!-- TestCases.LoginTest -->
</testng-results>
